
*** Running vivado
    with args -log SoC_top.vds -m64 -product Vivado -mode batch -messageDb vivado.pb -notrace -source SoC_top.tcl


ECHO 处于关闭状态。
ECHO 处于关闭状态。

****** Vivado v2023.1 (64-bit)
  **** SW Build 3865809 on Sun May  7 15:05:29 MDT 2023
  **** IP Build 3864474 on Sun May  7 20:36:21 MDT 2023
  **** SharedData Build 3865790 on Sun May 07 13:33:03 MDT 2023
    ** Copyright 1986-2022 Xilinx, Inc. All Rights Reserved.
    ** Copyright 2022-2023 Advanced Micro Devices, Inc. All Rights Reserved.

source SoC_top.tcl -notrace
create_project: Time (s): cpu = 00:00:11 ; elapsed = 00:00:12 . Memory (MB): peak = 427.445 ; gain = 164.324
Command: read_checkpoint -auto_incremental -incremental C:/Users/15049/Desktop/work/la32r_cpu/la32r_cpu.srcs/utils_1/imports/synth_1/la32r_top.dcp
INFO: [Vivado 12-5825] Read reference checkpoint from C:/Users/15049/Desktop/work/la32r_cpu/la32r_cpu.srcs/utils_1/imports/synth_1/la32r_top.dcp for incremental synthesis
INFO: [Vivado 12-7989] Please ensure there are no constraint changes
Command: synth_design -top SoC_top -part xc7a100tcsg324-1
Starting synth_design
Attempting to get a license for feature 'Synthesis' and/or device 'xc7a100t'
INFO: [Common 17-349] Got license for feature 'Synthesis' and/or device 'xc7a100t'
INFO: [Device 21-403] Loading part xc7a100tcsg324-1
INFO: [Designutils 20-5440] No compile time benefit to using incremental synthesis; A full resynthesis will be run
INFO: [Designutils 20-4379] Flow is switching to default flow due to incremental criteria not met. If you would like to alter this behaviour and have the flow terminate instead, please set the following parameter config_implementation {autoIncr.Synth.RejectBehavior Terminate}
INFO: [Synth 8-7079] Multithreading enabled for synth_design using a maximum of 2 processes.
INFO: [Synth 8-7078] Launching helper process for spawning children vivado processes
INFO: [Synth 8-7075] Helper process launched with PID 6048
---------------------------------------------------------------------------------
Starting RTL Elaboration : Time (s): cpu = 00:00:18 ; elapsed = 00:00:19 . Memory (MB): peak = 1270.477 ; gain = 411.949
---------------------------------------------------------------------------------
INFO: [Synth 8-6157] synthesizing module 'SoC_top' [C:/Users/15049/Desktop/work/la32r_cpu/la32r_cpu.srcs/sources_1/new/SoC_top.sv:23]
INFO: [Synth 8-6157] synthesizing module 'la32r_top' [C:/Users/15049/Desktop/work/la32r_cpu/la32r_cpu.srcs/sources_1/new/la32r_top.sv:24]
INFO: [Synth 8-6157] synthesizing module 'la32r_IF_stage' [C:/Users/15049/Desktop/work/la32r_cpu/la32r_cpu.srcs/sources_1/new/la32r_IF_stage.sv:24]
INFO: [Synth 8-6155] done synthesizing module 'la32r_IF_stage' (0#1) [C:/Users/15049/Desktop/work/la32r_cpu/la32r_cpu.srcs/sources_1/new/la32r_IF_stage.sv:24]
INFO: [Synth 8-6157] synthesizing module 'la32r_ID_stage' [C:/Users/15049/Desktop/work/la32r_cpu/la32r_cpu.srcs/sources_1/new/la32r_ID_stage.sv:24]
INFO: [Synth 8-6157] synthesizing module 'decoder_6' [C:/Users/15049/Desktop/work/la32r_cpu/la32r_cpu.srcs/sources_1/new/la32r_tools.sv:35]
INFO: [Synth 8-6155] done synthesizing module 'decoder_6' (0#1) [C:/Users/15049/Desktop/work/la32r_cpu/la32r_cpu.srcs/sources_1/new/la32r_tools.sv:35]
INFO: [Synth 8-6157] synthesizing module 'decoder_4' [C:/Users/15049/Desktop/work/la32r_cpu/la32r_cpu.srcs/sources_1/new/la32r_tools.sv:22]
INFO: [Synth 8-6155] done synthesizing module 'decoder_4' (0#1) [C:/Users/15049/Desktop/work/la32r_cpu/la32r_cpu.srcs/sources_1/new/la32r_tools.sv:22]
INFO: [Synth 8-6157] synthesizing module 'decoder_7' [C:/Users/15049/Desktop/work/la32r_cpu/la32r_cpu.srcs/sources_1/new/la32r_tools.sv:48]
INFO: [Synth 8-6155] done synthesizing module 'decoder_7' (0#1) [C:/Users/15049/Desktop/work/la32r_cpu/la32r_cpu.srcs/sources_1/new/la32r_tools.sv:48]
INFO: [Synth 8-6157] synthesizing module 'la32r_regfile' [C:/Users/15049/Desktop/work/la32r_cpu/la32r_cpu.srcs/sources_1/new/la32r_regfile.sv:24]
	Parameter ADDR_WIDTH bound to: 5 - type: integer 
	Parameter DATA_WIDTH bound to: 32 - type: integer 
INFO: [Synth 8-6155] done synthesizing module 'la32r_regfile' (0#1) [C:/Users/15049/Desktop/work/la32r_cpu/la32r_cpu.srcs/sources_1/new/la32r_regfile.sv:24]
INFO: [Synth 8-6155] done synthesizing module 'la32r_ID_stage' (0#1) [C:/Users/15049/Desktop/work/la32r_cpu/la32r_cpu.srcs/sources_1/new/la32r_ID_stage.sv:24]
INFO: [Synth 8-6157] synthesizing module 'la32r_EX_stage' [C:/Users/15049/Desktop/work/la32r_cpu/la32r_cpu.srcs/sources_1/new/la32r_EX_stage.sv:24]
INFO: [Synth 8-6157] synthesizing module 'la32r_alu' [C:/Users/15049/Desktop/work/la32r_cpu/la32r_cpu.srcs/sources_1/new/la32r_alu.sv:23]
INFO: [Synth 8-6155] done synthesizing module 'la32r_alu' (0#1) [C:/Users/15049/Desktop/work/la32r_cpu/la32r_cpu.srcs/sources_1/new/la32r_alu.sv:23]
INFO: [Synth 8-6155] done synthesizing module 'la32r_EX_stage' (0#1) [C:/Users/15049/Desktop/work/la32r_cpu/la32r_cpu.srcs/sources_1/new/la32r_EX_stage.sv:24]
INFO: [Synth 8-6157] synthesizing module 'la32r_MEM_stage' [C:/Users/15049/Desktop/work/la32r_cpu/la32r_cpu.srcs/sources_1/new/la32r_MEM_stage.sv:24]
INFO: [Synth 8-6155] done synthesizing module 'la32r_MEM_stage' (0#1) [C:/Users/15049/Desktop/work/la32r_cpu/la32r_cpu.srcs/sources_1/new/la32r_MEM_stage.sv:24]
INFO: [Synth 8-6157] synthesizing module 'la32r_WB_stage' [C:/Users/15049/Desktop/work/la32r_cpu/la32r_cpu.srcs/sources_1/new/la32r_WB_stage.sv:24]
INFO: [Synth 8-6155] done synthesizing module 'la32r_WB_stage' (0#1) [C:/Users/15049/Desktop/work/la32r_cpu/la32r_cpu.srcs/sources_1/new/la32r_WB_stage.sv:24]
INFO: [Synth 8-6155] done synthesizing module 'la32r_top' (0#1) [C:/Users/15049/Desktop/work/la32r_cpu/la32r_cpu.srcs/sources_1/new/la32r_top.sv:24]
INFO: [Synth 8-6157] synthesizing module 'inst_mem' [C:/Users/15049/Desktop/work/la32r_cpu/la32r_cpu.runs/synth_1/.Xil/Vivado-1356-LAPTOP-ASACNP1M/realtime/inst_mem_stub.v:6]
INFO: [Synth 8-6155] done synthesizing module 'inst_mem' (0#1) [C:/Users/15049/Desktop/work/la32r_cpu/la32r_cpu.runs/synth_1/.Xil/Vivado-1356-LAPTOP-ASACNP1M/realtime/inst_mem_stub.v:6]
INFO: [Synth 8-6157] synthesizing module 'data_mem' [C:/Users/15049/Desktop/work/la32r_cpu/la32r_cpu.runs/synth_1/.Xil/Vivado-1356-LAPTOP-ASACNP1M/realtime/data_mem_stub.v:6]
INFO: [Synth 8-6155] done synthesizing module 'data_mem' (0#1) [C:/Users/15049/Desktop/work/la32r_cpu/la32r_cpu.runs/synth_1/.Xil/Vivado-1356-LAPTOP-ASACNP1M/realtime/data_mem_stub.v:6]
INFO: [Synth 8-6155] done synthesizing module 'SoC_top' (0#1) [C:/Users/15049/Desktop/work/la32r_cpu/la32r_cpu.srcs/sources_1/new/SoC_top.sv:23]
WARNING: [Synth 8-3917] design SoC_top has port txd driven by constant 1
WARNING: [Synth 8-7129] Port rxd in module SoC_top is either unconnected or has no load
---------------------------------------------------------------------------------
Finished RTL Elaboration : Time (s): cpu = 00:00:24 ; elapsed = 00:00:25 . Memory (MB): peak = 1368.066 ; gain = 509.539
---------------------------------------------------------------------------------
---------------------------------------------------------------------------------
Start Handling Custom Attributes
---------------------------------------------------------------------------------
---------------------------------------------------------------------------------
Finished Handling Custom Attributes : Time (s): cpu = 00:00:24 ; elapsed = 00:00:26 . Memory (MB): peak = 1368.066 ; gain = 509.539
---------------------------------------------------------------------------------
---------------------------------------------------------------------------------
Finished RTL Optimization Phase 1 : Time (s): cpu = 00:00:24 ; elapsed = 00:00:26 . Memory (MB): peak = 1368.066 ; gain = 509.539
---------------------------------------------------------------------------------
Netlist sorting complete. Time (s): cpu = 00:00:01 ; elapsed = 00:00:00.247 . Memory (MB): peak = 1368.066 ; gain = 0.000
INFO: [Project 1-570] Preparing netlist for logic optimization

Processing XDC Constraints
Initializing timing engine
Parsing XDC File [c:/Users/15049/Desktop/work/la32r_cpu/la32r_cpu.gen/sources_1/ip/inst_mem_1/inst_mem/inst_mem_in_context.xdc] for cell 'inst_sram'
Finished Parsing XDC File [c:/Users/15049/Desktop/work/la32r_cpu/la32r_cpu.gen/sources_1/ip/inst_mem_1/inst_mem/inst_mem_in_context.xdc] for cell 'inst_sram'
Parsing XDC File [c:/Users/15049/Desktop/work/la32r_cpu/la32r_cpu.gen/sources_1/ip/data_mem/data_mem/data_mem_in_context.xdc] for cell 'data_sram'
Finished Parsing XDC File [c:/Users/15049/Desktop/work/la32r_cpu/la32r_cpu.gen/sources_1/ip/data_mem/data_mem/data_mem_in_context.xdc] for cell 'data_sram'
Parsing XDC File [C:/Users/15049/Desktop/work/la32r_cpu/Nexys4DDR_Master.xdc]
Finished Parsing XDC File [C:/Users/15049/Desktop/work/la32r_cpu/Nexys4DDR_Master.xdc]
INFO: [Project 1-236] Implementation specific constraints were found while reading constraint file [C:/Users/15049/Desktop/work/la32r_cpu/Nexys4DDR_Master.xdc]. These constraints will be ignored for synthesis but will be used in implementation. Impacted constraints are listed in the file [.Xil/SoC_top_propImpl.xdc].
Resolution: To avoid this warning, move constraints listed in [.Xil/SoC_top_propImpl.xdc] to another XDC file and exclude this new file from synthesis with the used_in_synthesis property (File Properties dialog in GUI) and re-run elaboration/synthesis.
Completed Processing XDC Constraints

Netlist sorting complete. Time (s): cpu = 00:00:00 ; elapsed = 00:00:00.001 . Memory (MB): peak = 1416.848 ; gain = 0.000
INFO: [Project 1-111] Unisim Transformation Summary:
No Unisim elements were transformed.

Constraint Validation Runtime : Time (s): cpu = 00:00:00 ; elapsed = 00:00:00.019 . Memory (MB): peak = 1416.848 ; gain = 0.000
INFO: [Designutils 20-5440] No compile time benefit to using incremental synthesis; A full resynthesis will be run
INFO: [Designutils 20-4379] Flow is switching to default flow due to incremental criteria not met. If you would like to alter this behaviour and have the flow terminate instead, please set the following parameter config_implementation {autoIncr.Synth.RejectBehavior Terminate}
---------------------------------------------------------------------------------
Finished Constraint Validation : Time (s): cpu = 00:00:54 ; elapsed = 00:00:56 . Memory (MB): peak = 1416.848 ; gain = 558.320
---------------------------------------------------------------------------------
---------------------------------------------------------------------------------
Start Loading Part and Timing Information
---------------------------------------------------------------------------------
Loading part: xc7a100tcsg324-1
---------------------------------------------------------------------------------
Finished Loading Part and Timing Information : Time (s): cpu = 00:00:54 ; elapsed = 00:00:56 . Memory (MB): peak = 1416.848 ; gain = 558.320
---------------------------------------------------------------------------------
---------------------------------------------------------------------------------
Start Applying 'set_property' XDC Constraints
---------------------------------------------------------------------------------
Applied set_property KEEP_HIERARCHY = SOFT for inst_sram. (constraint file  auto generated constraint).
Applied set_property KEEP_HIERARCHY = SOFT for data_sram. (constraint file  auto generated constraint).
---------------------------------------------------------------------------------
Finished applying 'set_property' XDC Constraints : Time (s): cpu = 00:00:54 ; elapsed = 00:00:56 . Memory (MB): peak = 1416.848 ; gain = 558.320
---------------------------------------------------------------------------------
---------------------------------------------------------------------------------
Finished RTL Optimization Phase 2 : Time (s): cpu = 00:00:55 ; elapsed = 00:00:57 . Memory (MB): peak = 1416.848 ; gain = 558.320
---------------------------------------------------------------------------------
---------------------------------------------------------------------------------
Start RTL Component Statistics 
---------------------------------------------------------------------------------
Detailed RTL Component Info : 
+---Adders : 
	   2 Input   32 Bit       Adders := 2     
+---Registers : 
	              142 Bit    Registers := 1     
	               71 Bit    Registers := 1     
	               70 Bit    Registers := 1     
	               64 Bit    Registers := 1     
	               32 Bit    Registers := 1     
	                1 Bit    Registers := 5     
+---Muxes : 
	   2 Input   32 Bit        Muxes := 8     
	   2 Input    5 Bit        Muxes := 1     
---------------------------------------------------------------------------------
Finished RTL Component Statistics 
---------------------------------------------------------------------------------
---------------------------------------------------------------------------------
Start Part Resource Summary
---------------------------------------------------------------------------------
Part Resources:
DSPs: 240 (col length:80)
BRAMs: 270 (col length: RAMB18 80 RAMB36 40)
---------------------------------------------------------------------------------
Finished Part Resource Summary
---------------------------------------------------------------------------------
---------------------------------------------------------------------------------
Start Cross Boundary and Area Optimization
---------------------------------------------------------------------------------
WARNING: [Synth 8-7080] Parallel synthesis criteria is not met
WARNING: [Synth 8-3917] design SoC_top has port txd driven by constant 1
WARNING: [Synth 8-7129] Port rxd in module SoC_top is either unconnected or has no load
---------------------------------------------------------------------------------
Finished Cross Boundary and Area Optimization : Time (s): cpu = 00:01:04 ; elapsed = 00:01:07 . Memory (MB): peak = 1416.848 ; gain = 558.320
---------------------------------------------------------------------------------
---------------------------------------------------------------------------------
Start ROM, RAM, DSP, Shift Register and Retiming Reporting
---------------------------------------------------------------------------------

Distributed RAM: Preliminary Mapping Report (see note below)
+------------+--------------------------------------------------------------+-----------+----------------------+--------------+
|Module Name | RTL Object                                                   | Inference | Size (Depth x Width) | Primitives   | 
+------------+--------------------------------------------------------------+-----------+----------------------+--------------+
|SoC_top     | la32r_top_inst/la32r_ID_stage_inst/la32r_regfile_inst/rf_reg | Implied   | 32 x 32              | RAM32M x 12  | 
+------------+--------------------------------------------------------------+-----------+----------------------+--------------+

Note: The table above is a preliminary report that shows the Distributed RAMs at the current stage of the synthesis flow. Some Distributed RAMs may be reimplemented as non Distributed RAM primitives later in the synthesis flow. Multiple instantiated RAMs are reported only once.
---------------------------------------------------------------------------------
Finished ROM, RAM, DSP, Shift Register and Retiming Reporting
---------------------------------------------------------------------------------
---------------------------------------------------------------------------------
Start Applying XDC Timing Constraints
---------------------------------------------------------------------------------
---------------------------------------------------------------------------------
Finished Applying XDC Timing Constraints : Time (s): cpu = 00:01:26 ; elapsed = 00:01:28 . Memory (MB): peak = 1416.848 ; gain = 558.320
---------------------------------------------------------------------------------
---------------------------------------------------------------------------------
Start Timing Optimization
---------------------------------------------------------------------------------
---------------------------------------------------------------------------------
Finished Timing Optimization : Time (s): cpu = 00:01:28 ; elapsed = 00:01:31 . Memory (MB): peak = 1416.848 ; gain = 558.320
---------------------------------------------------------------------------------
---------------------------------------------------------------------------------
Start ROM, RAM, DSP, Shift Register and Retiming Reporting
---------------------------------------------------------------------------------

Distributed RAM: Final Mapping Report
+------------+--------------------------------------------------------------+-----------+----------------------+--------------+
|Module Name | RTL Object                                                   | Inference | Size (Depth x Width) | Primitives   | 
+------------+--------------------------------------------------------------+-----------+----------------------+--------------+
|SoC_top     | la32r_top_inst/la32r_ID_stage_inst/la32r_regfile_inst/rf_reg | Implied   | 32 x 32              | RAM32M x 12  | 
+------------+--------------------------------------------------------------+-----------+----------------------+--------------+

---------------------------------------------------------------------------------
Finished ROM, RAM, DSP, Shift Register and Retiming Reporting
---------------------------------------------------------------------------------
---------------------------------------------------------------------------------
Start Technology Mapping
---------------------------------------------------------------------------------
---------------------------------------------------------------------------------
Finished Technology Mapping : Time (s): cpu = 00:01:29 ; elapsed = 00:01:32 . Memory (MB): peak = 1416.848 ; gain = 558.320
---------------------------------------------------------------------------------
---------------------------------------------------------------------------------
Start IO Insertion
---------------------------------------------------------------------------------
---------------------------------------------------------------------------------
Start Flattening Before IO Insertion
---------------------------------------------------------------------------------
---------------------------------------------------------------------------------
Finished Flattening Before IO Insertion
---------------------------------------------------------------------------------
---------------------------------------------------------------------------------
Start Final Netlist Cleanup
---------------------------------------------------------------------------------
---------------------------------------------------------------------------------
Finished Final Netlist Cleanup
---------------------------------------------------------------------------------
---------------------------------------------------------------------------------
Finished IO Insertion : Time (s): cpu = 00:01:45 ; elapsed = 00:01:48 . Memory (MB): peak = 1416.848 ; gain = 558.320
---------------------------------------------------------------------------------
---------------------------------------------------------------------------------
Start Renaming Generated Instances
---------------------------------------------------------------------------------
---------------------------------------------------------------------------------
Finished Renaming Generated Instances : Time (s): cpu = 00:01:45 ; elapsed = 00:01:48 . Memory (MB): peak = 1416.848 ; gain = 558.320
---------------------------------------------------------------------------------
---------------------------------------------------------------------------------
Start Rebuilding User Hierarchy
---------------------------------------------------------------------------------
---------------------------------------------------------------------------------
Finished Rebuilding User Hierarchy : Time (s): cpu = 00:01:45 ; elapsed = 00:01:48 . Memory (MB): peak = 1416.848 ; gain = 558.320
---------------------------------------------------------------------------------
---------------------------------------------------------------------------------
Start Renaming Generated Ports
---------------------------------------------------------------------------------
---------------------------------------------------------------------------------
Finished Renaming Generated Ports : Time (s): cpu = 00:01:45 ; elapsed = 00:01:48 . Memory (MB): peak = 1416.848 ; gain = 558.320
---------------------------------------------------------------------------------
---------------------------------------------------------------------------------
Start Handling Custom Attributes
---------------------------------------------------------------------------------
---------------------------------------------------------------------------------
Finished Handling Custom Attributes : Time (s): cpu = 00:01:45 ; elapsed = 00:01:48 . Memory (MB): peak = 1416.848 ; gain = 558.320
---------------------------------------------------------------------------------
---------------------------------------------------------------------------------
Start Renaming Generated Nets
---------------------------------------------------------------------------------
---------------------------------------------------------------------------------
Finished Renaming Generated Nets : Time (s): cpu = 00:01:45 ; elapsed = 00:01:48 . Memory (MB): peak = 1416.848 ; gain = 558.320
---------------------------------------------------------------------------------
---------------------------------------------------------------------------------
Start Writing Synthesis Report
---------------------------------------------------------------------------------

Report BlackBoxes: 
+------+--------------+----------+
|      |BlackBox name |Instances |
+------+--------------+----------+
|1     |inst_mem      |         1|
|2     |data_mem      |         1|
+------+--------------+----------+

Report Cell Usage: 
+------+---------+------+
|      |Cell     |Count |
+------+---------+------+
|1     |data_mem |     1|
|2     |inst_mem |     1|
|3     |BUFG     |     1|
|4     |CARRY4   |    16|
|5     |LUT1     |     2|
|6     |LUT2     |    43|
|7     |LUT3     |    53|
|8     |LUT4     |    35|
|9     |LUT5     |    46|
|10    |LUT6     |    57|
|11    |RAM32M   |    10|
|12    |RAM32X1D |     4|
|13    |FDRE     |   198|
|14    |FDSE     |    18|
|15    |IBUF     |     2|
|16    |OBUF     |     1|
+------+---------+------+
---------------------------------------------------------------------------------
Finished Writing Synthesis Report : Time (s): cpu = 00:01:45 ; elapsed = 00:01:48 . Memory (MB): peak = 1416.848 ; gain = 558.320
---------------------------------------------------------------------------------
Synthesis finished with 0 errors, 0 critical warnings and 3 warnings.
Synthesis Optimization Runtime : Time (s): cpu = 00:01:12 ; elapsed = 00:01:39 . Memory (MB): peak = 1416.848 ; gain = 509.539
Synthesis Optimization Complete : Time (s): cpu = 00:01:45 ; elapsed = 00:01:48 . Memory (MB): peak = 1416.848 ; gain = 558.320
INFO: [Project 1-571] Translating synthesized netlist
Netlist sorting complete. Time (s): cpu = 00:00:00 ; elapsed = 00:00:00.046 . Memory (MB): peak = 1423.258 ; gain = 0.000
INFO: [Netlist 29-17] Analyzing 30 Unisim elements for replacement
INFO: [Netlist 29-28] Unisim Transformation completed in 0 CPU seconds
INFO: [Project 1-570] Preparing netlist for logic optimization
INFO: [Opt 31-138] Pushed 0 inverter(s) to 0 load pin(s).
Netlist sorting complete. Time (s): cpu = 00:00:00 ; elapsed = 00:00:00.001 . Memory (MB): peak = 1426.926 ; gain = 0.000
INFO: [Project 1-111] Unisim Transformation Summary:
  A total of 14 instances were transformed.
  RAM32M => RAM32M (RAMD32(x6), RAMS32(x2)): 10 instances
  RAM32X1D => RAM32X1D (RAMD32(x2)): 4 instances

Synth Design complete | Checksum: ff640bb
INFO: [Common 17-83] Releasing license: Synthesis
49 Infos, 5 Warnings, 0 Critical Warnings and 0 Errors encountered.
synth_design completed successfully
synth_design: Time (s): cpu = 00:02:02 ; elapsed = 00:02:08 . Memory (MB): peak = 1426.926 ; gain = 966.535
INFO: [Common 17-1381] The checkpoint 'C:/Users/15049/Desktop/work/la32r_cpu/la32r_cpu.runs/synth_1/SoC_top.dcp' has been generated.
INFO: [runtcl-4] Executing : report_utilization -file SoC_top_utilization_synth.rpt -pb SoC_top_utilization_synth.pb
INFO: [Common 17-206] Exiting Vivado at Fri Mar  8 17:22:08 2024...
